#
# There is insufficient memory for the Java Runtime Environment to continue.
# Native memory allocation (mmap) failed to map 130023424 bytes for G1 virtual space
# Possible reasons:
#   The system is out of physical RAM or swap space
#   The process is running with CompressedOops enabled, and the Java Heap may be blocking the growth of the native heap
# Possible solutions:
#   Reduce memory load on the system
#   Increase physical memory or swap space
#   Check if swap backing store is full
#   Decrease Java heap size (-Xmx/-Xms)
#   Decrease number of Java threads
#   Decrease Java thread stack sizes (-Xss)
#   Set larger code cache with -XX:ReservedCodeCacheSize=
#   JVM is running with Unscaled Compressed Oops mode in which the Java heap is
#     placed in the first 4GB address space. The Java Heap base address is the
#     maximum limit for the native heap growth. Please use -XX:HeapBaseMinAddress
#     to set the Java Heap base and to place the Java Heap above 4GB virtual address.
# This output file may be truncated or incomplete.
#
#  Out of Memory Error (os_windows.cpp:3548), pid=21120, tid=8152
#
# JRE version:  (17.0.12+8) (build )
# Java VM: Java HotSpot(TM) 64-Bit Server VM (17.0.12+8-LTS-286, mixed mode, sharing, tiered, compressed oops, compressed class ptrs, g1 gc, windows-amd64)
# No core dump will be written. Minidumps are not enabled by default on client versions of Windows
#

---------------  S U M M A R Y ------------

Command Line: -Xmx256M -XX:+UseG1GC -XX:MaxGCPauseMillis=20 -XX:InitiatingHeapOccupancyPercent=35 -XX:+ExplicitGCInvokesConcurrent -Djava.awt.headless=true -Dcom.sun.management.jmxremote -Dcom.sun.management.jmxremote.authenticate=false -Dcom.sun.management.jmxremote.ssl=false -Dkafka.logs.dir=C:\kafka/logs -Dlog4j.configuration=file:C:\kafka/config/tools-log4j.properties org.apache.kafka.tools.GetOffsetShell --bootstrap-server localhost:9092 --topic webhook-events --time -2

Host: 11th Gen Intel(R) Core(TM) i5-1135G7 @ 2.40GHz, 8 cores, 7G,  Windows 10 , 64 bit Build 19041 (10.0.19041.5915)
Time: Tue Jun 30 16:47:55 2026 SE Asia Standard Time elapsed time: 0.011042 seconds (0d 0h 0m 0s)

---------------  T H R E A D  ---------------

Current thread (0x000002bbda4114a0):  JavaThread "Unknown thread" [_thread_in_vm, id=8152, stack(0x000000f97f400000,0x000000f97f500000)]

Stack: [0x000000f97f400000,0x000000f97f500000]
Native frames: (J=compiled Java code, j=interpreted, Vv=VM code, C=native code)
V  [jvm.dll+0x67a04a]
V  [jvm.dll+0x7da4ed]
V  [jvm.dll+0x7dbe33]
V  [jvm.dll+0x7dc4a3]
V  [jvm.dll+0x24508f]
V  [jvm.dll+0x677089]
V  [jvm.dll+0x66bd32]
V  [jvm.dll+0x301fa6]
V  [jvm.dll+0x309546]
V  [jvm.dll+0x359d2e]
V  [jvm.dll+0x359f5f]
V  [jvm.dll+0x2d9078]
V  [jvm.dll+0x2d9fe4]
V  [jvm.dll+0x7aca21]
V  [jvm.dll+0x367591]
V  [jvm.dll+0x78b999]
V  [jvm.dll+0x3ec83f]
V  [jvm.dll+0x3ee471]
C  [jli.dll+0x5297]
C  [ucrtbase.dll+0x21bb2]
C  [KERNEL32.DLL+0x17374]
C  [ntdll.dll+0x4cc91]


---------------  P R O C E S S  ---------------

Threads class SMR info:
_java_thread_list=0x00007fff674d7a18, length=0, elements={
}

Java Threads: ( => current thread )

Other Threads:
  0x000002bbda437a10 GCTaskThread "GC Thread#0" [stack: 0x000000f97f500000,0x000000f97f600000] [id=18648]
  0x000002bbda43b780 ConcurrentGCThread "G1 Main Marker" [stack: 0x000000f97f600000,0x000000f97f700000] [id=6732]
  0x000002bbda43bfa0 ConcurrentGCThread "G1 Conc#0" [stack: 0x000000f97f700000,0x000000f97f800000] [id=13752]

[error occurred during error reporting (printing all threads), id 0xc0000005, EXCEPTION_ACCESS_VIOLATION (0xc0000005) at pc=0x00007fff66d09b67]

VM state: not at safepoint (not fully initialized)

VM Mutex/Monitor currently owned by a thread:  ([mutex/lock_event])
[0x000002bbda40c940] Heap_lock - owner thread: 0x000002bbda4114a0

Heap address: 0x00000000f0000000, size: 256 MB, Compressed Oops mode: 32-bit

CDS archive(s) mapped at: [0x0000000000000000-0x0000000000000000-0x0000000000000000), size 0, SharedBaseAddress: 0x0000000800000000, ArchiveRelocationMode: 1.
Narrow klass base: 0x0000000000000000, Narrow klass shift: 0, Narrow klass range: 0x0

GC Precious Log:
<Empty>

Heap:
 garbage-first heap   total 0K, used 0K [0x00000000f0000000, 0x0000000100000000)
  region size 1024K, 0 young (0K), 0 survivors (0K)

[error occurred during error reporting (printing heap information), id 0xc0000005, EXCEPTION_ACCESS_VIOLATION (0xc0000005) at pc=0x00007fff670f3859]

GC Heap History (0 events):
No events

Deoptimization events (0 events):
No events

Classes unloaded (0 events):
No events

Classes redefined (0 events):
No events

Internal exceptions (0 events):
No events

VM Operations (0 events):
No events

Events (1 events):
Event: 0.004 Loaded shared library C:\Program Files\Java\jdk-17\bin\java.dll


Dynamic libraries:
0x00007ff786b20000 - 0x00007ff786b30000 	C:\Program Files\Java\jdk-17\bin\java.exe
0x00007fffd0c50000 - 0x00007fffd0e48000 	C:\Windows\SYSTEM32\ntdll.dll
0x00007fffcfb40000 - 0x00007fffcfc02000 	C:\Windows\System32\KERNEL32.DLL
0x00007fffce500000 - 0x00007fffce7f6000 	C:\Windows\System32\KERNELBASE.dll
0x00007fffceb70000 - 0x00007fffcec70000 	C:\Windows\System32\ucrtbase.dll
0x00007fffb1db0000 - 0x00007fffb1dcb000 	C:\Program Files\Java\jdk-17\bin\VCRUNTIME140.dll
0x00007fffb30c0000 - 0x00007fffb30d9000 	C:\Program Files\Java\jdk-17\bin\jli.dll
0x00007fffcfce0000 - 0x00007fffcfd91000 	C:\Windows\System32\ADVAPI32.dll
0x00007fffcf8f0000 - 0x00007fffcf98e000 	C:\Windows\System32\msvcrt.dll
0x00007fffd09c0000 - 0x00007fffd0a5f000 	C:\Windows\System32\sechost.dll
0x00007fffcf150000 - 0x00007fffcf270000 	C:\Windows\System32\RPCRT4.dll
0x00007fffce800000 - 0x00007fffce827000 	C:\Windows\System32\bcrypt.dll
0x00007fffcf990000 - 0x00007fffcfb31000 	C:\Windows\System32\USER32.dll
0x00007fffce950000 - 0x00007fffce972000 	C:\Windows\System32\win32u.dll
0x00007fffb5b80000 - 0x00007fffb5e1b000 	C:\Windows\WinSxS\amd64_microsoft.windows.common-controls_6595b64144ccf1df_6.0.19041.6456_none_60b8a6cb71f64256\COMCTL32.dll
0x00007fffcfdd0000 - 0x00007fffcfdfb000 	C:\Windows\System32\GDI32.dll
0x00007fffce830000 - 0x00007fffce949000 	C:\Windows\System32\gdi32full.dll
0x00007fffce390000 - 0x00007fffce42d000 	C:\Windows\System32\msvcp_win.dll
0x00007fffc3880000 - 0x00007fffc388a000 	C:\Windows\SYSTEM32\VERSION.dll
0x00007fffcfda0000 - 0x00007fffcfdcf000 	C:\Windows\System32\IMM32.DLL
0x00007fffc15d0000 - 0x00007fffc15dc000 	C:\Program Files\Java\jdk-17\bin\vcruntime140_1.dll
0x00007fff8b7a0000 - 0x00007fff8b82e000 	C:\Program Files\Java\jdk-17\bin\msvcp140.dll
0x00007fff66a20000 - 0x00007fff67600000 	C:\Program Files\Java\jdk-17\bin\server\jvm.dll
0x00007fffcf140000 - 0x00007fffcf148000 	C:\Windows\System32\PSAPI.DLL
0x00007fffc2e60000 - 0x00007fffc2e87000 	C:\Windows\SYSTEM32\WINMM.dll
0x00007fffa1ae0000 - 0x00007fffa1ae9000 	C:\Windows\SYSTEM32\WSOCK32.dll
0x00007fffcfc10000 - 0x00007fffcfc7b000 	C:\Windows\System32\WS2_32.dll
0x00007fffccab0000 - 0x00007fffccac2000 	C:\Windows\SYSTEM32\kernel.appcore.dll
0x00007fffb3390000 - 0x00007fffb339a000 	C:\Program Files\Java\jdk-17\bin\jimage.dll
0x00007fffcc000000 - 0x00007fffcc201000 	C:\Windows\SYSTEM32\DBGHELP.DLL
0x00007fffc2d70000 - 0x00007fffc2da4000 	C:\Windows\SYSTEM32\dbgcore.DLL
0x00007fffceae0000 - 0x00007fffceb62000 	C:\Windows\System32\bcryptPrimitives.dll
0x00007fff8ea40000 - 0x00007fff8ea65000 	C:\Program Files\Java\jdk-17\bin\java.dll

dbghelp: loaded successfully - version: 4.0.5 - missing functions: none
symbol engine: initialized successfully - sym options: 0x614 - pdb path: .;C:\Program Files\Java\jdk-17\bin;C:\Windows\SYSTEM32;C:\Windows\WinSxS\amd64_microsoft.windows.common-controls_6595b64144ccf1df_6.0.19041.6456_none_60b8a6cb71f64256;C:\Program Files\Java\jdk-17\bin\server

VM Arguments:
jvm_args: -Xmx256M -XX:+UseG1GC -XX:MaxGCPauseMillis=20 -XX:InitiatingHeapOccupancyPercent=35 -XX:+ExplicitGCInvokesConcurrent -Djava.awt.headless=true -Dcom.sun.management.jmxremote -Dcom.sun.management.jmxremote.authenticate=false -Dcom.sun.management.jmxremote.ssl=false -Dkafka.logs.dir=C:\kafka/logs -Dlog4j.configuration=file:C:\kafka/config/tools-log4j.properties 
java_command: org.apache.kafka.tools.GetOffsetShell --bootstrap-server localhost:9092 --topic webhook-events --time -2
java_class_path (initial): C:\kafka\libs\activation-1.1.1.jar;C:\kafka\libs\aopalliance-repackaged-2.6.1.jar;C:\kafka\libs\argparse4j-0.7.0.jar;C:\kafka\libs\audience-annotations-0.12.0.jar;C:\kafka\libs\caffeine-2.9.3.jar;C:\kafka\libs\commons-beanutils-1.9.4.jar;C:\kafka\libs\commons-cli-1.4.jar;C:\kafka\libs\commons-collections-3.2.2.jar;C:\kafka\libs\commons-digester-2.1.jar;C:\kafka\libs\commons-io-2.14.0.jar;C:\kafka\libs\commons-lang3-3.12.0.jar;C:\kafka\libs\commons-logging-1.2.jar;C:\kafka\libs\commons-validator-1.7.jar;C:\kafka\libs\connect-api-3.9.0.jar;C:\kafka\libs\connect-basic-auth-extension-3.9.0.jar;C:\kafka\libs\connect-file-3.9.0.jar;C:\kafka\libs\connect-json-3.9.0.jar;C:\kafka\libs\connect-mirror-3.9.0.jar;C:\kafka\libs\connect-mirror-client-3.9.0.jar;C:\kafka\libs\connect-runtime-3.9.0.jar;C:\kafka\libs\connect-transforms-3.9.0.jar;C:\kafka\libs\error_prone_annotations-2.10.0.jar;C:\kafka\libs\hk2-api-2.6.1.jar;C:\kafka\libs\hk2-locator-2.6.1.jar;C:\kafka\libs\hk2-utils-2.6.1.jar;C:\kafka\libs\jackson-annotations-2.16.2.jar;C:\kafka\libs\jackson-core-2.16.2.jar;C:\kafka\libs\jackson-databind-2.16.2.jar;C:\kafka\libs\jackson-dataformat-csv-2.16.2.jar;C:\kafka\libs\jackson-datatype-jdk8-2.16.2.jar;C:\kafka\libs\jackson-jaxrs-base-2.16.2.jar;C:\kafka\libs\jackson-jaxrs-json-provider-2.16.2.jar;C:\kafka\libs\jackson-module-afterburner-2.16.2.jar;C:\kafka\libs\jackson-module-jaxb-annotations-2.16.2.jar;C:\kafka\libs\jackson-module-scala_2.13-2.16.2.jar;C:\kafka\libs\jakarta.activation-api-1.2.2.jar;C:\kafka\libs\jakarta.annotation-api-1.3.5.jar;C:\kafka\libs\jakarta.inject-2.6.1.jar;C:\kafka\libs\jakarta.validation-api-2.0.2.jar;C:\kafka\libs\jakarta.ws.rs-api-2.1.6.jar;C:\kafka\libs\jakarta.xml.bind-api-2.3.3.jar;C:\kafka\libs\javassist-3.29.2-GA.jar;C:\kafka\libs\javax.activation-api-1.2.0.jar;C:\kafka\libs\javax.annotation-api-1.3.2.jar;C:\kafka\libs\javax.servlet-api-3.1.0.jar;C:\kafka\libs\javax.ws.rs-api-2.1.1.jar;C:\kafka\libs\jaxb-api-2.3.
Launcher Type: SUN_STANDARD

[Global flags]
     intx CICompilerCount                          = 4                                         {product} {ergonomic}
     uint ConcGCThreads                            = 2                                         {product} {ergonomic}
     bool ExplicitGCInvokesConcurrent              = true                                      {product} {command line}
     uint G1ConcRefinementThreads                  = 8                                         {product} {ergonomic}
   size_t G1HeapRegionSize                         = 1048576                                   {product} {ergonomic}
    uintx GCDrainStackTargetSize                   = 64                                        {product} {ergonomic}
   size_t InitialHeapSize                          = 130023424                                 {product} {ergonomic}
    uintx InitiatingHeapOccupancyPercent           = 35                                        {product} {command line}
     bool ManagementServer                         = true                                      {product} {command line}
   size_t MarkStackSize                            = 4194304                                   {product} {ergonomic}
    uintx MaxGCPauseMillis                         = 20                                        {product} {command line}
   size_t MaxHeapSize                              = 268435456                                 {product} {command line}
   size_t MinHeapDeltaBytes                        = 1048576                                   {product} {ergonomic}
   size_t MinHeapSize                              = 8388608                                   {product} {ergonomic}
    uintx NonNMethodCodeHeapSize                   = 5839372                                {pd product} {ergonomic}
    uintx NonProfiledCodeHeapSize                  = 122909434                              {pd product} {ergonomic}
    uintx ProfiledCodeHeapSize                     = 122909434                              {pd product} {ergonomic}
    uintx ReservedCodeCacheSize                    = 251658240                              {pd product} {ergonomic}
     bool SegmentedCodeCache                       = true                                      {product} {ergonomic}
   size_t SoftMaxHeapSize                          = 268435456                              {manageable} {ergonomic}
     bool UseCompressedClassPointers               = true                           {product lp64_product} {ergonomic}
     bool UseCompressedOops                        = true                           {product lp64_product} {ergonomic}
     bool UseG1GC                                  = true                                      {product} {command line}
     bool UseLargePagesIndividualAllocation        = false                                  {pd product} {ergonomic}

Logging:
Log output configuration:
 #0: stdout all=warning uptime,level,tags
 #1: stderr all=off uptime,level,tags

Environment Variables:
CLASSPATH="C:\kafka\libs\activation-1.1.1.jar";"C:\kafka\libs\aopalliance-repackaged-2.6.1.jar";"C:\kafka\libs\argparse4j-0.7.0.jar";"C:\kafka\libs\audience-annotations-0.12.0.jar";"C:\kafka\libs\caffeine-2.9.3.jar";"C:\kafka\libs\commons-beanutils-1.9.4.jar";"C:\kafka\libs\commons-cli-1.4.jar";"C:\kafka\libs\commons-collections-3.2.2.jar";"C:\kafka\libs\commons-digester-2.1.jar";"C:\kafka\libs\commons-io-2.14.0.jar";"C:\kafka\libs\commons-lang3-3.12.0.jar";"C:\kafka\libs\commons-logging-1.2.jar";"C:\kafka\libs\commons-validator-1.7.jar";"C:\kafka\libs\connect-api-3.9.0.jar";"C:\kafka\libs\connect-basic-auth-extension-3.9.0.jar";"C:\kafka\libs\connect-file-3.9.0.jar";"C:\kafka\libs\connect-json-3.9.0.jar";"C:\kafka\libs\connect-mirror-3.9.0.jar";"C:\kafka\libs\connect-mirror-client-3.9.0.jar";"C:\kafka\libs\connect-runtime-3.9.0.jar";"C:\kafka\libs\connect-transforms-3.9.0.jar";"C:\kafka\libs\error_prone_annotations-2.10.0.jar";"C:\kafka\libs\hk2-api-2.6.1.jar";"C:\kafka\libs\hk2-locator-2.6.1.jar";"C:\kafka\libs\hk2-utils-2.6.1.jar";"C:\kafka\libs\jackson-annotations-2.16.2.jar";"C:\kafka\libs\jackson-core-2.16.2.jar";"C:\kafka\libs\jackson-databind-2.16.2.jar";"C:\kafka\libs\jackson-dataformat-csv-2.16.2.jar";"C:\kafka\libs\jackson-datatype-jdk8-2.16.2.jar";"C:\kafka\libs\jackson-jaxrs-base-2.16.2.jar";"C:\kafka\libs\jackson-jaxrs-json-provider-2.16.2.jar";"C:\kafka\libs\jackson-module-afterburner-2.16.2.jar";"C:\kafka\libs\jackson-module-jaxb-annotations-2.16.2.jar";"C:\kafka\libs\jackson-module-scala_2.13-2.16.2.jar";"C:\kafka\libs\jakarta.activation-api-1.2.2.jar";"C:\kafka\libs\jakarta.annotation-api-1.3.5.jar";"C:\kafka\libs\jakarta.inject-2.6.1.jar";"C:\kafka\libs\jakarta.validation-api-2.0.2.jar";"C:\kafka\libs\jakarta.ws.rs-api-2.1.6.jar";"C:\kafka\libs\jakarta.xml.bind-api-2.3.3.jar";"C:\kafka\libs\javassist-3.29.2-GA.jar";"C:\kafka\libs\javax.activation-api-1.2.0.jar";"C:\kafka\libs\javax.annotation-api-1.3.2.jar";"C:\kafka\libs\javax.servlet-api-3.1.0.jar";"C:\
PATH=C:\Users\Admin\Downloads\WINDOWS.X64_193000_db_home\bin;C:\Windows\System32\WindowsPowerShell\v1.0\;C:\Program Files\Common Files\Oracle\Java\javapath;C:\Windows\system32;C:\Windows;C:\Windows\System32\Wbem;C:\Windows\System32\OpenSSH\;C:\Program Files\Git\cmd;C:\Program Files\Common Files\Autodesk Shared\;C:\Program Files\Redis\;C:\Program Files\MongoDB\Server\6.0\bin;C:\Program Files\PuTTY\;D:\install\Intellij24\IntelliJ IDEA 2024.2.3\plugins\maven\lib\maven3\bin;;C:\Program Files\nodejs\;C:\Program Files\PostgreSQL\17\bin;C:\Users\Admin\AppData\Local\agy\bin;C:\Users\Admin\AppData\Local\Programs\Python\Python311\Scripts\;C:\Users\Admin\AppData\Local\Programs\Python\Python311\;C:\Users\Admin\AppData\Local\Microsoft\WindowsApps;D:\install\Intellij24\IntelliJ IDEA 2024.2.3\bin;;C:\Users\Admin\AppData\Roaming\npm;C:\Users\Admin\AppData\Local\Programs\Microsoft VS Code\bin;C:\Users\Admin\AppData\Local\Programs\Antigravity IDE\bin
USERNAME=Admin
OS=Windows_NT
PROCESSOR_IDENTIFIER=Intel64 Family 6 Model 140 Stepping 1, GenuineIntel



---------------  S Y S T E M  ---------------

OS:
 Windows 10 , 64 bit Build 19041 (10.0.19041.5915)
OS uptime: 3 days 2:50 hours
Hyper-V role detected

CPU: total 8 (initial active 8) (4 cores per cpu, 2 threads per core) family 6 model 140 stepping 1 microcode 0x86, cx8, cmov, fxsr, ht, mmx, 3dnowpref, sse, sse2, sse3, ssse3, sse4.1, sse4.2, popcnt, lzcnt, tsc, tscinvbit, avx, avx2, aes, erms, clmul, bmi1, bmi2, adx, avx512f, avx512dq, avx512cd, avx512bw, avx512vl, sha, fma, vzeroupper, avx512_vpopcntdq, avx512_vpclmulqdq, avx512_vaes, avx512_vnni, clflush, clflushopt, clwb, avx512_vbmi2, avx512_vbmi, hv

Memory: 4k page, system-wide physical 7894M (341M free)
TotalPageFile size 23058M (AvailPageFile size 73M)
current process WorkingSet (physical memory assigned to process): 10M, peak: 10M
current process commit charge ("private bytes"): 59M, peak: 183M

vm_info: Java HotSpot(TM) 64-Bit Server VM (17.0.12+8-LTS-286) for windows-amd64 JRE (17.0.12+8-LTS-286), built on Jun  5 2024 06:46:59 by "mach5one" with MS VC++ 17.6 (VS2022)

END.
